<?xml version="1.0" encoding="UTF-8"?>
<!-- Generated by org.testng.reporters.JUnitReportReporter -->
<testsuite hostname="Santosh-Sharma" failures="1" tests="3" name="cucumberOptions.MyTestRunnerTest" time="28.192" errors="0" timestamp="2022-08-08T13:28:30 IST" skipped="0">
  <testcase classname="cucumberOptions.MyTestRunnerTest" name="runScenario" time="9.776"/>
  <system-out/>
  <testcase classname="cucumberOptions.MyTestRunnerTest" name="runScenario" time="8.215"/>
  <system-out/>
  <testcase classname="cucumberOptions.MyTestRunnerTest" name="runScenario" time="10.201">
    <failure message="expected [Beetroot] but found [No data]" type="java.lang.AssertionError">
      <![CDATA[java.lang.AssertionError: expected [Beetroot] but found [No data]
at org.testng.Assert.fail(Assert.java:99)
at org.testng.Assert.failNotEquals(Assert.java:1037)
at org.testng.Assert.assertEqualsImpl(Assert.java:140)
at org.testng.Assert.assertEquals(Assert.java:122)
at org.testng.Assert.assertEquals(Assert.java:629)
at org.testng.Assert.assertEquals(Assert.java:639)
at stepdefinitions.OffersPageStepDefinition.validate_product_name_in_offers_page_matches_with_landing_page(OffersPageStepDefinition.java:39)
at âœ½.validate product name in offers page matches with Landing Page(file:///C:/Users/santo/eclipse-workspace/CucumberFrameworkTestNG/src/test/java/features/searchProduct.feature:8)
]]>
    </failure>
  </testcase> <!-- runScenario -->
  <system-out/>
</testsuite> <!-- cucumberOptions.MyTestRunnerTest -->
